Build started 11/6/2016 11:48:08 a. m..
     1>Project "C:\Users\nabil\Desktop\GraficasV\Plantilla_Proyecto_Texture_Shader01\PlantillaOpenGL01\PlantillaOpenGL01.vcxproj" on node 2 (Build target(s)).
     1>ClCompile:
         C:\Program Files (x86)\Microsoft Visual Studio 11.0\VC\bin\CL.exe /c /IC:\dev\Assimp\include /IC:\dev\opengl\freeglut\include /I"C:\dev\opengl\glew-1.7.0\include" /ZI /nologo /W3 /WX- /Od /Oy- /D WIN32 /D _DEBUG /D _CONSOLE /D _UNICODE /D UNICODE /Gm /EHsc /RTC1 /MDd /GS /fp:precise /Zc:wchar_t /Zc:forScope /Fo"Debug\\" /Fd"Debug\vc110.pdb" /Gd /TP /analyze- /errorReport:prompt mainShader01.cpp
         mainShader01.cpp
     1>c:\users\nabil\desktop\graficasv\plantilla_proyecto_texture_shader01\plantillaopengl01\mainshader01.cpp(64): warning C4305: 'argument' : truncation from 'double' to 'GLfloat'
     1>c:\users\nabil\desktop\graficasv\plantilla_proyecto_texture_shader01\plantillaopengl01\mainshader01.cpp(64): warning C4244: 'argument' : conversion from 'int' to 'GLfloat', possible loss of data
     1>c:\users\nabil\desktop\graficasv\plantilla_proyecto_texture_shader01\plantillaopengl01\mainshader01.cpp(65): warning C4305: 'argument' : truncation from 'double' to 'GLfloat'
     1>c:\users\nabil\desktop\graficasv\plantilla_proyecto_texture_shader01\plantillaopengl01\mainshader01.cpp(65): warning C4244: 'argument' : conversion from 'int' to 'GLfloat', possible loss of data
     1>c:\users\nabil\desktop\graficasv\plantilla_proyecto_texture_shader01\plantillaopengl01\mainshader01.cpp(67): warning C4244: 'argument' : conversion from 'int' to 'GLfloat', possible loss of data
     1>c:\users\nabil\desktop\graficasv\plantilla_proyecto_texture_shader01\plantillaopengl01\mainshader01.cpp(67): warning C4305: 'argument' : truncation from 'double' to 'GLfloat'
     1>c:\users\nabil\desktop\graficasv\plantilla_proyecto_texture_shader01\plantillaopengl01\mainshader01.cpp(68): warning C4244: 'argument' : conversion from 'int' to 'GLfloat', possible loss of data
     1>c:\users\nabil\desktop\graficasv\plantilla_proyecto_texture_shader01\plantillaopengl01\mainshader01.cpp(68): warning C4305: 'argument' : truncation from 'double' to 'GLfloat'
     1>c:\users\nabil\desktop\graficasv\plantilla_proyecto_texture_shader01\plantillaopengl01\mainshader01.cpp(70): warning C4305: 'argument' : truncation from 'double' to 'GLfloat'
     1>c:\users\nabil\desktop\graficasv\plantilla_proyecto_texture_shader01\plantillaopengl01\mainshader01.cpp(70): warning C4244: 'argument' : conversion from 'int' to 'GLfloat', possible loss of data
     1>c:\users\nabil\desktop\graficasv\plantilla_proyecto_texture_shader01\plantillaopengl01\mainshader01.cpp(71): warning C4305: 'argument' : truncation from 'double' to 'GLfloat'
     1>c:\users\nabil\desktop\graficasv\plantilla_proyecto_texture_shader01\plantillaopengl01\mainshader01.cpp(71): warning C4244: 'argument' : conversion from 'int' to 'GLfloat', possible loss of data
     1>c:\users\nabil\desktop\graficasv\plantilla_proyecto_texture_shader01\plantillaopengl01\mainshader01.cpp(73): warning C4244: 'argument' : conversion from 'int' to 'GLfloat', possible loss of data
     1>c:\users\nabil\desktop\graficasv\plantilla_proyecto_texture_shader01\plantillaopengl01\mainshader01.cpp(73): warning C4305: 'argument' : truncation from 'double' to 'GLfloat'
     1>c:\users\nabil\desktop\graficasv\plantilla_proyecto_texture_shader01\plantillaopengl01\mainshader01.cpp(74): warning C4244: 'argument' : conversion from 'int' to 'GLfloat', possible loss of data
     1>c:\users\nabil\desktop\graficasv\plantilla_proyecto_texture_shader01\plantillaopengl01\mainshader01.cpp(74): warning C4305: 'argument' : truncation from 'double' to 'GLfloat'
     1>c:\users\nabil\desktop\graficasv\plantilla_proyecto_texture_shader01\plantillaopengl01\mainshader01.cpp(89): warning C4101: 'aspectratio' : unreferenced local variable
     1>c:\users\nabil\desktop\graficasv\plantilla_proyecto_texture_shader01\plantillaopengl01\mainshader01.cpp(195): warning C4305: '+=' : truncation from 'double' to 'float'
     1>c:\users\nabil\desktop\graficasv\plantilla_proyecto_texture_shader01\plantillaopengl01\mainshader01.cpp(201): warning C4305: '-=' : truncation from 'double' to 'float'
     1>c:\users\nabil\desktop\graficasv\plantilla_proyecto_texture_shader01\plantillaopengl01\mainshader01.cpp(208): warning C4305: '+=' : truncation from 'double' to 'float'
     1>c:\users\nabil\desktop\graficasv\plantilla_proyecto_texture_shader01\plantillaopengl01\mainshader01.cpp(215): warning C4305: '-=' : truncation from 'double' to 'float'
     1>c:\users\nabil\desktop\graficasv\plantilla_proyecto_texture_shader01\plantillaopengl01\mainshader01.cpp(222): warning C4305: '+=' : truncation from 'double' to 'float'
     1>c:\users\nabil\desktop\graficasv\plantilla_proyecto_texture_shader01\plantillaopengl01\mainshader01.cpp(229): warning C4305: '-=' : truncation from 'double' to 'float'
     1>c:\users\nabil\desktop\graficasv\plantilla_proyecto_texture_shader01\plantillaopengl01\mainshader01.cpp(236): warning C4305: '+=' : truncation from 'double' to 'float'
     1>c:\users\nabil\desktop\graficasv\plantilla_proyecto_texture_shader01\plantillaopengl01\mainshader01.cpp(243): warning C4305: '-=' : truncation from 'double' to 'float'
     1>c:\users\nabil\desktop\graficasv\plantilla_proyecto_texture_shader01\plantillaopengl01\mainshader01.cpp(250): warning C4305: '+=' : truncation from 'double' to 'float'
     1>c:\users\nabil\desktop\graficasv\plantilla_proyecto_texture_shader01\plantillaopengl01\mainshader01.cpp(257): warning C4305: '+=' : truncation from 'double' to 'float'
     1>c:\users\nabil\desktop\graficasv\plantilla_proyecto_texture_shader01\plantillaopengl01\mainshader01.cpp(264): warning C4305: '+=' : truncation from 'double' to 'float'
     1>c:\users\nabil\desktop\graficasv\plantilla_proyecto_texture_shader01\plantillaopengl01\mainshader01.cpp(271): warning C4305: '-=' : truncation from 'double' to 'float'
     1>c:\users\nabil\desktop\graficasv\plantilla_proyecto_texture_shader01\plantillaopengl01\mainshader01.cpp(278): warning C4305: '-=' : truncation from 'double' to 'float'
     1>c:\users\nabil\desktop\graficasv\plantilla_proyecto_texture_shader01\plantillaopengl01\mainshader01.cpp(285): warning C4305: '-=' : truncation from 'double' to 'float'
     1>c:\users\nabil\desktop\graficasv\plantilla_proyecto_texture_shader01\plantillaopengl01\mainshader01.cpp(292): warning C4305: '+=' : truncation from 'double' to 'float'
     1>c:\users\nabil\desktop\graficasv\plantilla_proyecto_texture_shader01\plantillaopengl01\mainshader01.cpp(299): warning C4305: '+=' : truncation from 'double' to 'float'
     1>c:\users\nabil\desktop\graficasv\plantilla_proyecto_texture_shader01\plantillaopengl01\mainshader01.cpp(306): warning C4305: '+=' : truncation from 'double' to 'float'
     1>c:\users\nabil\desktop\graficasv\plantilla_proyecto_texture_shader01\plantillaopengl01\mainshader01.cpp(313): warning C4305: '-=' : truncation from 'double' to 'float'
     1>c:\users\nabil\desktop\graficasv\plantilla_proyecto_texture_shader01\plantillaopengl01\mainshader01.cpp(320): warning C4305: '-=' : truncation from 'double' to 'float'
     1>c:\users\nabil\desktop\graficasv\plantilla_proyecto_texture_shader01\plantillaopengl01\mainshader01.cpp(327): warning C4305: '-=' : truncation from 'double' to 'float'
     1>c:\users\nabil\desktop\graficasv\plantilla_proyecto_texture_shader01\plantillaopengl01\mainshader01.cpp(334): warning C4305: '+=' : truncation from 'double' to 'float'
     1>c:\users\nabil\desktop\graficasv\plantilla_proyecto_texture_shader01\plantillaopengl01\mainshader01.cpp(341): warning C4305: '+=' : truncation from 'double' to 'float'
     1>c:\users\nabil\desktop\graficasv\plantilla_proyecto_texture_shader01\plantillaopengl01\mainshader01.cpp(348): warning C4305: '+=' : truncation from 'double' to 'float'
     1>c:\users\nabil\desktop\graficasv\plantilla_proyecto_texture_shader01\plantillaopengl01\mainshader01.cpp(355): warning C4305: '-=' : truncation from 'double' to 'float'
     1>c:\users\nabil\desktop\graficasv\plantilla_proyecto_texture_shader01\plantillaopengl01\mainshader01.cpp(362): warning C4305: '-=' : truncation from 'double' to 'float'
     1>c:\users\nabil\desktop\graficasv\plantilla_proyecto_texture_shader01\plantillaopengl01\mainshader01.cpp(368): warning C4305: '-=' : truncation from 'double' to 'float'
     1>c:\users\nabil\desktop\graficasv\plantilla_proyecto_texture_shader01\plantillaopengl01\mainshader01.cpp(462): warning C4101: 'zLocal' : unreferenced local variable
     1>c:\users\nabil\desktop\graficasv\plantilla_proyecto_texture_shader01\plantillaopengl01\mainshader01.cpp(462): warning C4101: 'xExtent' : unreferenced local variable
     1>c:\users\nabil\desktop\graficasv\plantilla_proyecto_texture_shader01\plantillaopengl01\mainshader01.cpp(463): warning C4101: 'loopX' : unreferenced local variable
     1>c:\users\nabil\desktop\graficasv\plantilla_proyecto_texture_shader01\plantillaopengl01\mainshader01.cpp(462): warning C4101: 'xLocal' : unreferenced local variable
     1>c:\users\nabil\desktop\graficasv\plantilla_proyecto_texture_shader01\plantillaopengl01\mainshader01.cpp(463): warning C4101: 'loopZ' : unreferenced local variable
     1>c:\users\nabil\desktop\graficasv\plantilla_proyecto_texture_shader01\plantillaopengl01\mainshader01.cpp(462): warning C4101: 'zExtent' : unreferenced local variable
       Link:
         C:\Program Files (x86)\Microsoft Visual Studio 11.0\VC\bin\link.exe /ERRORREPORT:PROMPT /OUT:"C:\Users\nabil\Desktop\GraficasV\Plantilla_Proyecto_Texture_Shader01\Debug\PlantillaOpenGL01.exe" /INCREMENTAL /NOLOGO /LIBPATH:C:\dev\Assimp\lib\x86 /LIBPATH:C:\dev\opengl\freeglut\lib /LIBPATH:"C:\dev\opengl\glew-1.7.0\lib" glew32.lib freeglut.lib assimp.lib kernel32.lib user32.lib gdi32.lib winspool.lib comdlg32.lib advapi32.lib shell32.lib ole32.lib oleaut32.lib uuid.lib odbc32.lib odbccp32.lib /MANIFEST /MANIFESTUAC:"level='asInvoker' uiAccess='false'" /manifest:embed /DEBUG /PDB:"C:\Users\nabil\Desktop\GraficasV\Plantilla_Proyecto_Texture_Shader01\Debug\PlantillaOpenGL01.pdb" /SUBSYSTEM:CONSOLE /TLBID:1 /DYNAMICBASE /NXCOMPAT /IMPLIB:"C:\Users\nabil\Desktop\GraficasV\Plantilla_Proyecto_Texture_Shader01\Debug\PlantillaOpenGL01.lib" /MACHINE:X86 Debug\glm.obj
         Debug\glsl.obj
         Debug\mainShader01.obj
         PlantillaOpenGL01.vcxproj -> C:\Users\nabil\Desktop\GraficasV\Plantilla_Proyecto_Texture_Shader01\Debug\PlantillaOpenGL01.exe
     1>Done Building Project "C:\Users\nabil\Desktop\GraficasV\Plantilla_Proyecto_Texture_Shader01\PlantillaOpenGL01\PlantillaOpenGL01.vcxproj" (Build target(s)).

Build succeeded.

Time Elapsed 00:00:01.14
